<?xml version="1.0" encoding="UTF-8"?>
<!-- Generated by org.testng.reporters.JUnitReportReporter -->
<testsuite hostname="DESKTOP-QFGC4R5" name="LiveProject.LoginStockAcooPropEx" tests="1" failures="0" timestamp="5 Jul 2021 07:55:25 GMT" time="4.830" errors="0">
  <testcase name="loginSA" time="4.830" classname="LiveProject.LoginStockAcooPropEx"/>
</testsuite> <!-- LiveProject.LoginStockAcooPropEx -->
